<?xml version="1.0" encoding="UTF-8"?>
<testsuite name="is.equinox.cloudflow.source.stockexchange.StockExchangeSourceAppEntryTest" tests="3" skipped="0" failures="0" errors="0" timestamp="2020-08-26T11:06:47" hostname="NMP" time="2.776">
  <properties/>
  <testcase name="goodParameter_readTest()" classname="is.equinox.cloudflow.source.stockexchange.StockExchangeSourceAppEntryTest" time="1.842"/>
  <testcase name="goodParameter_Test()" classname="is.equinox.cloudflow.source.stockexchange.StockExchangeSourceAppEntryTest" time="0.582"/>
  <testcase name="badParameter_Test()" classname="is.equinox.cloudflow.source.stockexchange.StockExchangeSourceAppEntryTest" time="0.274"/>
  <system-out><![CDATA[]]></system-out>
  <system-err><![CDATA[]]></system-err>
</testsuite>
