<?xml version="1.0" encoding="UTF-8"?>
<testsuite name="is.equinox.cloudflow.source.stockexchange.StockExchangeSourceAppEntryTest" tests="2" skipped="0" failures="0" errors="0" timestamp="2020-08-14T14:03:23" hostname="NMP" time="2.012">
  <properties/>
  <testcase name="badParameter_quoteTest()" classname="is.equinox.cloudflow.source.stockexchange.StockExchangeSourceAppEntryTest" time="1.712"/>
  <testcase name="goodParameter_quoteTest()" classname="is.equinox.cloudflow.source.stockexchange.StockExchangeSourceAppEntryTest" time="0.297"/>
  <system-out><![CDATA[
Invalid query, please check the input parameters

]]></system-out>
  <system-err><![CDATA[]]></system-err>
</testsuite>
